# JRE version: OpenJDK Runtime Environment (8.0_131-b12) (build 1.8.0_131-b12)
# Java VM: OpenJDK 64-Bit Server VM (25.131-b12 mixed mode linux-amd64 compressed oops)
Heap:
 PSYoungGen      total 99840K, used 2036K [0x00000000d7100000, 0x00000000df680000, 0x0000000100000000)
  eden space 94720K, 0% used [0x00000000d7100000,0x00000000d7100000,0x00000000dcd80000)
  from space 5120K, 39% used [0x00000000dec80000,0x00000000dee7d180,0x00000000df180000)
  to   space 4608K, 0% used [0x00000000df200000,0x00000000df200000,0x00000000df680000)
 ParOldGen       total 59904K, used 9190K [0x0000000085200000, 0x0000000088c80000, 0x00000000d7100000)
  object space 59904K, 15% used [0x0000000085200000,0x0000000085af9a00,0x0000000088c80000)
 Metaspace       used 25559K, capacity 25756K, committed 26112K, reserved 1071104K
  class space    used 3391K, capacity 3462K, committed 3584K, reserved 1048576K
GC Heap History (10 events):
Event: 0.548 GC heap after
Heap after GC invocations=1 (full 0):
 PSYoungGen      total 36864K, used 5110K [0x00000000d7100000, 0x00000000db900000, 0x0000000100000000)
  eden space 31744K, 0% used [0x00000000d7100000,0x00000000d7100000,0x00000000d9000000)
  from space 5120K, 99% used [0x00000000d9000000,0x00000000d94fdbd8,0x00000000d9500000)
  to   space 5120K, 0% used [0x00000000db400000,0x00000000db400000,0x00000000db900000)
 ParOldGen       total 84992K, used 1171K [0x0000000085200000, 0x000000008a500000, 0x00000000d7100000)
  object space 84992K, 1% used [0x0000000085200000,0x0000000085324f88,0x000000008a500000)
 Metaspace       used 12296K, capacity 12464K, committed 12672K, reserved 1060864K
  class space    used 1569K, capacity 1636K, committed 1664K, reserved 1048576K
}
Event: 0.899 GC heap before
{Heap before GC invocations=2 (full 0):
 PSYoungGen      total 36864K, used 36854K [0x00000000d7100000, 0x00000000db900000, 0x0000000100000000)
  eden space 31744K, 100% used [0x00000000d7100000,0x00000000d9000000,0x00000000d9000000)
  from space 5120K, 99% used [0x00000000d9000000,0x00000000d94fdbd8,0x00000000d9500000)
  to   space 5120K, 0% used [0x00000000db400000,0x00000000db400000,0x00000000db900000)
 ParOldGen       total 84992K, used 1171K [0x0000000085200000, 0x000000008a500000, 0x00000000d7100000)
  object space 84992K, 1% used [0x0000000085200000,0x0000000085324f88,0x000000008a500000)
 Metaspace       used 16699K, capacity 16918K, committed 17152K, reserved 1064960K
  class space    used 2159K, capacity 2245K, committed 2304K, reserved 1048576K
Event: 0.910 GC heap after
Heap after GC invocations=2 (full 0):
 PSYoungGen      total 68608K, used 5100K [0x00000000d7100000, 0x00000000db900000, 0x0000000100000000)
  eden space 63488K, 0% used [0x00000000d7100000,0x00000000d7100000,0x00000000daf00000)
  from space 5120K, 99% used [0x00000000db400000,0x00000000db8fb380,0x00000000db900000)
  to   space 5120K, 0% used [0x00000000daf00000,0x00000000daf00000,0x00000000db400000)
 ParOldGen       total 84992K, used 2785K [0x0000000085200000, 0x000000008a500000, 0x00000000d7100000)
  object space 84992K, 3% used [0x0000000085200000,0x00000000854b84a0,0x000000008a500000)
 Metaspace       used 16699K, capacity 16918K, committed 17152K, reserved 1064960K
  class space    used 2159K, capacity 2245K, committed 2304K, reserved 1048576K
}
Event: 1.206 GC heap before
{Heap before GC invocations=3 (full 0):
 PSYoungGen      total 68608K, used 32813K [0x00000000d7100000, 0x00000000db900000, 0x0000000100000000)
  eden space 63488K, 43% used [0x00000000d7100000,0x00000000d8c10368,0x00000000daf00000)
  from space 5120K, 99% used [0x00000000db400000,0x00000000db8fb380,0x00000000db900000)
  to   space 5120K, 0% used [0x00000000daf00000,0x00000000daf00000,0x00000000db400000)
 ParOldGen       total 84992K, used 2785K [0x0000000085200000, 0x000000008a500000, 0x00000000d7100000)
  object space 84992K, 3% used [0x0000000085200000,0x00000000854b84a0,0x000000008a500000)
 Metaspace       used 20863K, capacity 21014K, committed 21296K, reserved 1067008K
  class space    used 2763K, capacity 2821K, committed 2944K, reserved 1048576K
Event: 1.222 GC heap after
Heap after GC invocations=3 (full 0):
 PSYoungGen      total 68608K, used 5092K [0x00000000d7100000, 0x00000000df700000, 0x0000000100000000)
  eden space 63488K, 0% used [0x00000000d7100000,0x00000000d7100000,0x00000000daf00000)
  from space 5120K, 99% used [0x00000000daf00000,0x00000000db3f9388,0x00000000db400000)
  to   space 5120K, 0% used [0x00000000df200000,0x00000000df200000,0x00000000df700000)
 ParOldGen       total 84992K, used 7051K [0x0000000085200000, 0x000000008a500000, 0x00000000d7100000)
  object space 84992K, 8% used [0x0000000085200000,0x00000000858e2c58,0x000000008a500000)
 Metaspace       used 20863K, capacity 21014K, committed 21296K, reserved 1067008K
  class space    used 2763K, capacity 2821K, committed 2944K, reserved 1048576K
}
Event: 1.222 GC heap before
{Heap before GC invocations=4 (full 1):
 PSYoungGen      total 68608K, used 5092K [0x00000000d7100000, 0x00000000df700000, 0x0000000100000000)
  eden space 63488K, 0% used [0x00000000d7100000,0x00000000d7100000,0x00000000daf00000)
  from space 5120K, 99% used [0x00000000daf00000,0x00000000db3f9388,0x00000000db400000)
  to   space 5120K, 0% used [0x00000000df200000,0x00000000df200000,0x00000000df700000)
 ParOldGen       total 84992K, used 7051K [0x0000000085200000, 0x000000008a500000, 0x00000000d7100000)
  object space 84992K, 8% used [0x0000000085200000,0x00000000858e2c58,0x000000008a500000)
 Metaspace       used 20863K, capacity 21014K, committed 21296K, reserved 1067008K
  class space    used 2763K, capacity 2821K, committed 2944K, reserved 1048576K
Event: 1.254 GC heap after
Heap after GC invocations=4 (full 1):
 PSYoungGen      total 68608K, used 0K [0x00000000d7100000, 0x00000000df700000, 0x0000000100000000)
  eden space 63488K, 0% used [0x00000000d7100000,0x00000000d7100000,0x00000000daf00000)
  from space 5120K, 0% used [0x00000000daf00000,0x00000000daf00000,0x00000000db400000)
  to   space 5120K, 0% used [0x00000000df200000,0x00000000df200000,0x00000000df700000)
 ParOldGen       total 59904K, used 9174K [0x0000000085200000, 0x0000000088c80000, 0x00000000d7100000)
  object space 59904K, 15% used [0x0000000085200000,0x0000000085af5a00,0x0000000088c80000)
 Metaspace       used 20863K, capacity 21014K, committed 21296K, reserved 1067008K
  class space    used 2763K, capacity 2821K, committed 2944K, reserved 1048576K
}
Event: 829.355 GC heap before
{Heap before GC invocations=5 (full 1):
 PSYoungGen      total 68608K, used 63488K [0x00000000d7100000, 0x00000000df700000, 0x0000000100000000)
  eden space 63488K, 100% used [0x00000000d7100000,0x00000000daf00000,0x00000000daf00000)
  from space 5120K, 0% used [0x00000000daf00000,0x00000000daf00000,0x00000000db400000)
  to   space 5120K, 0% used [0x00000000df200000,0x00000000df200000,0x00000000df700000)
 ParOldGen       total 59904K, used 9174K [0x0000000085200000, 0x0000000088c80000, 0x00000000d7100000)
  object space 59904K, 15% used [0x0000000085200000,0x0000000085af5a00,0x0000000088c80000)
 Metaspace       used 25553K, capacity 25756K, committed 26112K, reserved 1071104K
  class space    used 3391K, capacity 3462K, committed 3584K, reserved 1048576K
Event: 829.369 GC heap after
Heap after GC invocations=5 (full 1):
 PSYoungGen      total 99328K, used 4306K [0x00000000d7100000, 0x00000000df680000, 0x0000000100000000)
  eden space 94720K, 0% used [0x00000000d7100000,0x00000000d7100000,0x00000000dcd80000)
  from space 4608K, 93% used [0x00000000df200000,0x00000000df634928,0x00000000df680000)
  to   space 5120K, 0% used [0x00000000dec80000,0x00000000dec80000,0x00000000df180000)
 ParOldGen       total 59904K, used 9182K [0x0000000085200000, 0x0000000088c80000, 0x00000000d7100000)
  object space 59904K, 15% used [0x0000000085200000,0x0000000085af7a00,0x0000000088c80000)
 Metaspace       used 25553K, capacity 25756K, committed 26112K, reserved 1071104K
  class space    used 3391K, capacity 3462K, committed 3584K, reserved 1048576K
}
Event: 2693.037 GC heap before
{Heap before GC invocations=6 (full 1):
 PSYoungGen      total 99328K, used 99026K [0x00000000d7100000, 0x00000000df680000, 0x0000000100000000)
  eden space 94720K, 100% used [0x00000000d7100000,0x00000000dcd80000,0x00000000dcd80000)
  from space 4608K, 93% used [0x00000000df200000,0x00000000df634928,0x00000000df680000)
  to   space 5120K, 0% used [0x00000000dec80000,0x00000000dec80000,0x00000000df180000)
 ParOldGen       total 59904K, used 9182K [0x0000000085200000, 0x0000000088c80000, 0x00000000d7100000)
  object space 59904K, 15% used [0x0000000085200000,0x0000000085af7a00,0x0000000088c80000)
 Metaspace       used 25559K, capacity 25756K, committed 26112K, reserved 1071104K
  class space    used 3391K, capacity 3462K, committed 3584K, reserved 1048576K

